#
# There is insufficient memory for the Java Runtime Environment to continue.
# Native memory allocation (malloc) failed to allocate 32744 bytes for ChunkPool::allocate
# Possible reasons:
#   The system is out of physical RAM or swap space
#   The process is running with CompressedOops enabled, and the Java Heap may be blocking the growth of the native heap
# Possible solutions:
#   Reduce memory load on the system
#   Increase physical memory or swap space
#   Check if swap backing store is full
#   Decrease Java heap size (-Xmx/-Xms)
#   Decrease number of Java threads
#   Decrease Java thread stack sizes (-Xss)
#   Set larger code cache with -XX:ReservedCodeCacheSize=
#   JVM is running with Unscaled Compressed Oops mode in which the Java heap is
#     placed in the first 4GB address space. The Java Heap base address is the
#     maximum limit for the native heap growth. Please use -XX:HeapBaseMinAddress
#     to set the Java Heap base and to place the Java Heap above 4GB virtual address.
# This output file may be truncated or incomplete.
#
#  Out of Memory Error (allocation.cpp:272), pid=1480, tid=0x0000000000003200
#
# JRE version: OpenJDK Runtime Environment (8.0_275-b01) (build 1.8.0_275-b01)
# Java VM: OpenJDK 64-Bit Server VM (25.275-b01 mixed mode windows-amd64 compressed oops)
# Failed to write core dump. Minidumps are not enabled by default on client versions of Windows
#

---------------  T H R E A D  ---------------

Current thread (0x0000000018c6a800):  JavaThread "C2 CompilerThread0" daemon [_thread_in_native, id=12800, stack(0x0000000019300000,0x0000000019400000)]

Stack: [0x0000000019300000,0x0000000019400000]
[error occurred during error reporting (printing stack bounds), id 0xc0000005]

Native frames: (J=compiled Java code, j=interpreted, Vv=VM code, C=native code)


Current CompileTask:
C2:   1045  314       4       jdk.internal.org.objectweb.asm.ByteVector::putUTF8 (142 bytes)


---------------  P R O C E S S  ---------------

Java Threads: ( => current thread )
  0x0000000018cc8000 JavaThread "Service Thread" daemon [_thread_blocked, id=1688, stack(0x0000000019600000,0x0000000019700000)]
  0x0000000018cb8000 JavaThread "C1 CompilerThread2" daemon [_thread_in_native, id=7328, stack(0x0000000019500000,0x0000000019600000)]
  0x0000000018c6e000 JavaThread "C2 CompilerThread1" daemon [_thread_blocked, id=4516, stack(0x0000000019400000,0x0000000019500000)]
=>0x0000000018c6a800 JavaThread "C2 CompilerThread0" daemon [_thread_in_native, id=12800, stack(0x0000000019300000,0x0000000019400000)]
  0x0000000018c69000 JavaThread "Monitor Ctrl-Break" daemon [_thread_in_native, id=5324, stack(0x0000000019200000,0x0000000019300000)]
  0x00000000178a7000 JavaThread "Attach Listener" daemon [_thread_blocked, id=11060, stack(0x00000000190f0000,0x00000000191f0000)]
  0x00000000178a6000 JavaThread "Signal Dispatcher" daemon [_thread_blocked, id=15704, stack(0x0000000018ff0000,0x00000000190f0000)]
  0x0000000002b8b800 JavaThread "Finalizer" daemon [_thread_blocked, id=15372, stack(0x0000000018af0000,0x0000000018bf0000)]
  0x0000000002b88000 JavaThread "Reference Handler" daemon [_thread_blocked, id=14168, stack(0x00000000189f0000,0x0000000018af0000)]
  0x0000000002a99000 JavaThread "main" [_thread_in_Java, id=16320, stack(0x0000000002950000,0x0000000002a50000)]

Other Threads:
  0x0000000017857000 VMThread [stack: 0x00000000188f0000,0x00000000189f0000] [id=15100]
  0x00000000178ea800 WatcherThread [stack: 0x0000000019700000,0x0000000019800000] [id=16208]

VM state:not at safepoint (normal execution)

VM Mutex/Monitor currently owned by a thread: None

heap address: 0x0000000081800000, size: 2024 MB, Compressed Oops mode: 32-bit
Narrow klass base: 0x0000000000000000, Narrow klass shift: 3
Compressed class space size: 1073741824 Address: 0x0000000100000000

Heap:
 PSYoungGen      total 38400K, used 8027K [0x00000000d5d80000, 0x00000000d8800000, 0x0000000100000000)
  eden space 33280K, 24% used [0x00000000d5d80000,0x00000000d6556c60,0x00000000d7e00000)
  from space 5120K, 0% used [0x00000000d8300000,0x00000000d8300000,0x00000000d8800000)
  to   space 5120K, 0% used [0x00000000d7e00000,0x00000000d7e00000,0x00000000d8300000)
 ParOldGen       total 87552K, used 0K [0x0000000081800000, 0x0000000086d80000, 0x00000000d5d80000)
  object space 87552K, 0% used [0x0000000081800000,0x0000000081800000,0x0000000086d80000)
 Metaspace       used 4827K, capacity 5064K, committed 5248K, reserved 1056768K
  class space    used 533K, capacity 617K, committed 640K, reserved 1048576K

Card table byte_map: [0x0000000012100000,0x0000000012500000] byte_map_base: 0x0000000011cf4000

Marking Bits: (ParMarkBitMap*) 0x000000005b63a830
 Begin Bits: [0x0000000012bb0000, 0x0000000014b50000)
 End Bits:   [0x0000000014b50000, 0x0000000016af0000)

Polling page: 0x0000000000d30000

CodeCache: size=245760Kb used=1772Kb max_used=1772Kb free=243987Kb
 bounds [0x0000000002d40000, 0x0000000002fb0000, 0x0000000011d40000]
 total_blobs=606 nmethods=319 adapters=200
 compilation: enabled

Compilation events (10 events):
Event: 1.039 Thread 0x0000000018cb8000  298       3       jdk.internal.org.objectweb.asm.ByteVector::putInt (74 bytes)
Event: 1.039 Thread 0x0000000018cb8000 nmethod 298 0x0000000002ef7c90 code [0x0000000002ef7e00, 0x0000000002ef8088]
Event: 1.039 Thread 0x0000000018cb8000  302       3       java.lang.invoke.MethodType::makeImpl (66 bytes)
Event: 1.040 Thread 0x0000000018cb8000 nmethod 302 0x0000000002ef6d90 code [0x0000000002ef6f80, 0x0000000002ef77e8]
Event: 1.040 Thread 0x0000000018cb8000  315       3       java.lang.invoke.MemberName::initResolved (53 bytes)
Event: 1.040 Thread 0x0000000018cb8000 nmethod 315 0x0000000002ef69d0 code [0x0000000002ef6b20, 0x0000000002ef6cf0]
Event: 1.040 Thread 0x0000000018cb8000  316       1       java.lang.invoke.MethodTypeForm::erasedType (5 bytes)
Event: 1.040 Thread 0x0000000018cb8000 nmethod 316 0x0000000002ef9e10 code [0x0000000002ef9f60, 0x0000000002efa070]
Event: 1.040 Thread 0x0000000018cb8000  300       1       java.lang.invoke.MethodHandle::type (5 bytes)
Event: 1.040 Thread 0x0000000018cb8000 nmethod 300 0x0000000002efa0d0 code [0x0000000002efa220, 0x0000000002efa330]

GC Heap History (0 events):
No events

Deoptimization events (0 events):
No events

Classes redefined (0 events):
No events

Internal exceptions (7 events):
Event: 0.087 Thread 0x0000000002a99000 Exception <a 'java/lang/NoSuchMethodError': Method sun.misc.Unsafe.defineClass(Ljava/lang/String;[BII)Ljava/lang/Class; name or signature does not match> (0x00000000d5d88288) thrown at [C:\wsjdk\Corretto8Src\installers\windows\zip\corretto-build\buildRoot
Event: 0.087 Thread 0x0000000002a99000 Exception <a 'java/lang/NoSuchMethodError': Method sun.misc.Unsafe.prefetchRead(Ljava/lang/Object;J)V name or signature does not match> (0x00000000d5d88570) thrown at [C:\wsjdk\Corretto8Src\installers\windows\zip\corretto-build\buildRoot\src\hotspot\src\s
Event: 0.882 Thread 0x0000000002a99000 Exception <a 'java/security/PrivilegedActionException'> (0x00000000d6328b08) thrown at [C:\wsjdk\Corretto8Src\installers\windows\zip\corretto-build\buildRoot\src\hotspot\src\share\vm\prims\jvm.cpp, line 1522]
Event: 0.882 Thread 0x0000000002a99000 Exception <a 'java/security/PrivilegedActionException'> (0x00000000d6328f00) thrown at [C:\wsjdk\Corretto8Src\installers\windows\zip\corretto-build\buildRoot\src\hotspot\src\share\vm\prims\jvm.cpp, line 1522]
Event: 0.882 Thread 0x0000000002a99000 Exception <a 'java/security/PrivilegedActionException'> (0x00000000d632c320) thrown at [C:\wsjdk\Corretto8Src\installers\windows\zip\corretto-build\buildRoot\src\hotspot\src\share\vm\prims\jvm.cpp, line 1522]
Event: 0.883 Thread 0x0000000002a99000 Exception <a 'java/security/PrivilegedActionException'> (0x00000000d632c718) thrown at [C:\wsjdk\Corretto8Src\installers\windows\zip\corretto-build\buildRoot\src\hotspot\src\share\vm\prims\jvm.cpp, line 1522]
Event: 1.038 Thread 0x0000000002a99000 Exception <a 'java/lang/NoSuchFieldError': method resolution failed> (0x00000000d64b9ef0) thrown at [C:\wsjdk\Corretto8Src\installers\windows\zip\corretto-build\buildRoot\src\hotspot\src\share\vm\prims\methodHandles.cpp, line 1169]

Events (10 events):
Event: 0.975 loading class java/lang/invoke/WrongMethodTypeException
Event: 0.975 loading class java/lang/invoke/WrongMethodTypeException done
Event: 0.977 loading class java/lang/invoke/MethodHandleImpl$Lazy
Event: 0.977 loading class java/lang/invoke/MethodHandleImpl$Lazy done
Event: 0.978 loading class java/lang/invoke/MethodHandleImpl$IntrinsicMethodHandle
Event: 0.978 loading class java/lang/invoke/MethodHandleImpl$IntrinsicMethodHandle done
Event: 1.038 loading class java/lang/NoSuchFieldError
Event: 1.038 loading class java/lang/NoSuchFieldError done
Event: 1.039 loading class java/lang/IllegalAccessException
Event: 1.039 loading class java/lang/IllegalAccessException done


Dynamic libraries:
0x00007ff61f3c0000 - 0x00007ff61f3f5000 	C:\Users\User\.jdks\corretto-1.8.0_275\bin\java.exe
0x00007ffe476b0000 - 0x00007ffe478a5000 	C:\WINDOWS\SYSTEM32\ntdll.dll
0x00007ffe466c0000 - 0x00007ffe4677d000 	C:\WINDOWS\System32\KERNEL32.DLL
0x00007ffe45130000 - 0x00007ffe453f9000 	C:\WINDOWS\System32\KERNELBASE.dll
0x00007ffe46c00000 - 0x00007ffe46cac000 	C:\WINDOWS\System32\ADVAPI32.dll
0x00007ffe46610000 - 0x00007ffe466ae000 	C:\WINDOWS\System32\msvcrt.dll
0x00007ffe45c50000 - 0x00007ffe45cec000 	C:\WINDOWS\System32\sechost.dll
0x00007ffe45b20000 - 0x00007ffe45c4b000 	C:\WINDOWS\System32\RPCRT4.dll
0x00007ffe45870000 - 0x00007ffe45a10000 	C:\WINDOWS\System32\USER32.dll
0x00007ffe45400000 - 0x00007ffe45422000 	C:\WINDOWS\System32\win32u.dll
0x00007ffe465c0000 - 0x00007ffe465ea000 	C:\WINDOWS\System32\GDI32.dll
0x00007ffe44ff0000 - 0x00007ffe450fb000 	C:\WINDOWS\System32\gdi32full.dll
0x00007ffe44df0000 - 0x00007ffe44e8d000 	C:\WINDOWS\System32\msvcp_win.dll
0x00007ffe455b0000 - 0x00007ffe456b0000 	C:\WINDOWS\System32\ucrtbase.dll
0x00007ffe314f0000 - 0x00007ffe3178a000 	C:\WINDOWS\WinSxS\amd64_microsoft.windows.common-controls_6595b64144ccf1df_6.0.19041.844_none_ca00b6081b84eb1d\COMCTL32.dll
0x00007ffe46590000 - 0x00007ffe465c0000 	C:\WINDOWS\System32\IMM32.DLL
0x000000005bff0000 - 0x000000005c0c2000 	C:\Users\User\.jdks\corretto-1.8.0_275\jre\bin\msvcr100.dll
0x000000005ae00000 - 0x000000005b6bc000 	C:\Users\User\.jdks\corretto-1.8.0_275\jre\bin\server\jvm.dll
0x00007ffe467e0000 - 0x00007ffe467e8000 	C:\WINDOWS\System32\PSAPI.DLL
0x00007ffe2e490000 - 0x00007ffe2e499000 	C:\WINDOWS\SYSTEM32\WSOCK32.dll
0x00007ffe467f0000 - 0x00007ffe4685b000 	C:\WINDOWS\System32\WS2_32.dll
0x00007ffe34630000 - 0x00007ffe34657000 	C:\WINDOWS\SYSTEM32\WINMM.dll
0x00007ffe3b410000 - 0x00007ffe3b41a000 	C:\WINDOWS\SYSTEM32\VERSION.dll
0x00007ffe3ffc0000 - 0x00007ffe3ffcf000 	C:\Users\User\.jdks\corretto-1.8.0_275\jre\bin\verify.dll
0x00007ffe3dc00000 - 0x00007ffe3dc29000 	C:\Users\User\.jdks\corretto-1.8.0_275\jre\bin\java.dll
0x00007ffe33480000 - 0x00007ffe334a3000 	C:\Users\User\.jdks\corretto-1.8.0_275\jre\bin\instrument.dll
0x00007ffe3dae0000 - 0x00007ffe3daf6000 	C:\Users\User\.jdks\corretto-1.8.0_275\jre\bin\zip.dll
0x00007ffe46d70000 - 0x00007ffe474b2000 	C:\WINDOWS\System32\SHELL32.dll
0x00007ffe42f30000 - 0x00007ffe436c0000 	C:\WINDOWS\SYSTEM32\windows.storage.dll
0x00007ffe46160000 - 0x00007ffe464b5000 	C:\WINDOWS\System32\combase.dll
0x00007ffe44860000 - 0x00007ffe4488c000 	C:\WINDOWS\SYSTEM32\Wldp.dll
0x00007ffe45a70000 - 0x00007ffe45b1e000 	C:\WINDOWS\System32\SHCORE.dll
0x00007ffe46cb0000 - 0x00007ffe46d05000 	C:\WINDOWS\System32\shlwapi.dll
0x00007ffe44d30000 - 0x00007ffe44d4f000 	C:\WINDOWS\SYSTEM32\profapi.dll
0x00007ffe33420000 - 0x00007ffe3343a000 	D:\IDEA\IntelliJ IDEA\IntelliJ IDEA 2020.3\bin\breakgen64.dll
0x00007ffe33460000 - 0x00007ffe3347b000 	C:\Users\User\.jdks\corretto-1.8.0_275\jre\bin\net.dll
0x00007ffe445e0000 - 0x00007ffe4464a000 	C:\WINDOWS\system32\mswsock.dll

VM Arguments:
jvm_args: -ea -Didea.test.cyclic.buffer.size=1048576 -javaagent:D:\IDEA\IntelliJ IDEA\IntelliJ IDEA 2020.3\lib\idea_rt.jar=54169:D:\IDEA\IntelliJ IDEA\IntelliJ IDEA 2020.3\bin -Dfile.encoding=UTF-8 
java_command: com.intellij.rt.junit.JUnitStarter -ideVersion5 -junit5 com.example.train.service.ResourceServiceTest,getResNamePathByProId
java_class_path (initial): D:\IDEA\IntelliJ IDEA\IntelliJ IDEA 2020.3\lib\idea_rt.jar;C:\Users\User\.m2\repository\org\junit\platform\junit-platform-launcher\1.7.0\junit-platform-launcher-1.7.0.jar;D:\IDEA\IntelliJ IDEA\IntelliJ IDEA 2020.3\plugins\junit\lib\junit5-rt.jar;D:\IDEA\IntelliJ IDEA\IntelliJ IDEA 2020.3\plugins\junit\lib\junit-rt.jar;C:\Users\User\.jdks\corretto-1.8.0_275\jre\lib\charsets.jar;C:\Users\User\.jdks\corretto-1.8.0_275\jre\lib\ext\access-bridge-64.jar;C:\Users\User\.jdks\corretto-1.8.0_275\jre\lib\ext\cldrdata.jar;C:\Users\User\.jdks\corretto-1.8.0_275\jre\lib\ext\dnsns.jar;C:\Users\User\.jdks\corretto-1.8.0_275\jre\lib\ext\jaccess.jar;C:\Users\User\.jdks\corretto-1.8.0_275\jre\lib\ext\jfxrt.jar;C:\Users\User\.jdks\corretto-1.8.0_275\jre\lib\ext\localedata.jar;C:\Users\User\.jdks\corretto-1.8.0_275\jre\lib\ext\nashorn.jar;C:\Users\User\.jdks\corretto-1.8.0_275\jre\lib\ext\sunec.jar;C:\Users\User\.jdks\corretto-1.8.0_275\jre\lib\ext\sunjce_provider.jar;C:\Users\User\.jdks\corretto-1.8.0_275\jre\lib\ext\sunmscapi.jar;C:\Users\User\.jdks\corretto-1.8.0_275\jre\lib\ext\sunpkcs11.jar;C:\Users\User\.jdks\corretto-1.8.0_275\jre\lib\ext\zipfs.jar;C:\Users\User\.jdks\corretto-1.8.0_275\jre\lib\jce.jar;C:\Users\User\.jdks\corretto-1.8.0_275\jre\lib\jfr.jar;C:\Users\User\.jdks\corretto-1.8.0_275\jre\lib\jfxswt.jar;C:\Users\User\.jdks\corretto-1.8.0_275\jre\lib\jsse.jar;C:\Users\User\.jdks\corretto-1.8.0_275\jre\lib\management-agent.jar;C:\Users\User\.jdks\corretto-1.8.0_275\jre\lib\resources.jar;C:\Users\User\.jdks\corretto-1.8.0_275\jre\lib\rt.jar;D:\OnlineTraining\target\test-classes;D:\OnlineTraining\target\classes;C:\Users\User\.m2\repository\org\springframework\boot\spring-boot-starter-data-jdbc\2.4.1\spring-boot-starter-data-jdbc-2.4.1.jar;C:\Users\User\.m2\repository\org\springframework\data\spring-data-jdbc\2.1.2\spring-data-jdbc-2.1.2.jar;C:\Users\User\.m2\repository\org\springframework\data\spring-data-relational\2.1.2\spring-data-relational-
Launcher Type: SUN_STANDARD

Environment Variables:
JAVA_HOME=D:\JDK\jdk1.8
CLASSPATH=.;D:\JDK\jdk1.8\lib\dt.jar;D:\JDK\jdk1.8\lib\tools.jar;
PATH=C:\Program Files (x86)\Common Files\Oracle\Java\javapath;D:\Xftp\;D:\Xshell\;C:\Python39\Scripts\;C:\Python39\;C:\WINDOWS\system32;C:\WINDOWS;C:\WINDOWS\System32\Wbem;C:\WINDOWS\System32\WindowsPowerShell\v1.0\;C:\WINDOWS\System32\OpenSSH\;D:\JDK\jdk1.8\bin;D:\JDK\jdk1.8\jre\bin;D:\MongoDB\bin;C:\Program Files\MySQL\MySQL Server 8.0\bin;D:\Tomcat\apache-tomcat-9.0.36\bin;C:\ProgramData\chocolatey\bin;D:\Node\;C:\Program Files\Git\cmd;C:\Users\User\.gradle\wrapper\dists\gradle-6.7-bin\efvqh8uyq79v2n7rcncuhu9sv\gradle-6.7\bin;C:\Users\User\AppData\Local\Android\Sdk\tools;C:\Users\User\AppData\Local\Android\Sdk\platform-tools;C:\Program Files (x86)\Intel\Intel(R) Management Engine Components\DAL;C:\Program Files\Intel\Intel(R) Management Engine Components\DAL;C:\Program Files (x86)\NVIDIA Corporation\PhysX\Common;C:\WINDOWS\system32;C:\WINDOWS;C:\WINDOWS\System32\Wbem;C:\WINDOWS\System32\WindowsPowerShell\v1.0\;C:\WINDOWS\System32\OpenSSH\;C:\Program Files\MySQL\MySQL Shell 8.0\bin\;C:\Users\User\AppData\Local\Microsoft\WindowsApps;D:\Node\node_global;C:\Users\User\AppData\Roaming\npm;D:\WebStorm\WebStorm 2020.2.3\bin;;D:\Maven\apache-maven-3.6.3\bin;D:\Nexus\nexus-3.28.1-01\bin;D:\IDEA\IntelliJ IDEA\IntelliJ IDEA 2020.3\bin;;D:\redis;
USERNAME=User
OS=Windows_NT
PROCESSOR_IDENTIFIER=Intel64 Family 6 Model 142 Stepping 9, GenuineIntel



---------------  S Y S T E M  ---------------

OS: Windows 10.0 , 64 bit Build 19041 (10.0.19041.804)

CPU:total 4 (initial active 4) (2 cores per cpu, 2 threads per core) family 6 model 142 stepping 9, cmov, cx8, fxsr, mmx, sse, sse2, sse3, ssse3, sse4.1, sse4.2, popcnt, avx, avx2, aes, clmul, erms, 3dnowpref, lzcnt, ht, tsc, tscinvbit, bmi1, bmi2, adx

Memory: 4k page, physical 8284424k(387128k free), swap 22231428k(4636k free)

vm_info: OpenJDK 64-Bit Server VM (25.275-b01) for windows-amd64 JRE (1.8.0_275-b01), built on Nov  5 2020 05:17:06 by "Administrator" with MS VC++ 10.0 (VS2010)

time: Wed Mar 24 15:47:26 2021
timezone: 中国标准时间
elapsed time: 1.052440 seconds (0d 0h 0m 1s)

